<?xml version="1.0" encoding="utf-8"?><testsuites name="pytest tests"><testsuite name="pytest" errors="0" failures="0" skipped="0" tests="27" time="11.170" timestamp="2026-07-02T01:03:04.253523+09:00" hostname="DESKTOP-HCPVLHM"><testcase classname="tests.test_cli_schema_contract" name="test_docs_cli_json_outputs_match_schema" time="4.888" /><testcase classname="tests.test_cli_schema_contract" name="test_docs_http_outputs_match_openapi_schema" time="4.784" /><testcase classname="tests.test_typed_ref.TestParseTypedRef" name="test_parse_three_segment_memx_evidence" time="0.001" /><testcase classname="tests.test_typed_ref.TestParseTypedRef" name="test_parse_three_segment_memx_knowledge" time="0.001" /><testcase classname="tests.test_typed_ref.TestParseTypedRef" name="test_parse_four_segment_canonical" time="0.001" /><testcase classname="tests.test_typed_ref.TestParseTypedRef" name="test_parse_four_segment_with_jira_provider" time="0.001" /><testcase classname="tests.test_typed_ref.TestParseTypedRef" name="test_parse_empty_string_raises_error" time="0.001" /><testcase classname="tests.test_typed_ref.TestParseTypedRef" name="test_parse_invalid_segment_count_raises_error" time="0.001" /><testcase classname="tests.test_typed_ref.TestParseTypedRef" name="test_parse_invalid_domain_raises_error" time="0.001" /><testcase classname="tests.test_typed_ref.TestParseTypedRef" name="test_parse_invalid_entity_type_for_memx_raises_error" time="0.001" /><testcase classname="tests.test_typed_ref.TestParseTypedRef" name="test_parse_empty_id_raises_error" time="0.001" /><testcase classname="tests.test_typed_ref.TestParseTypedRef" name="test_parse_empty_provider_raises_error" time="0.001" /><testcase classname="tests.test_typed_ref.TestTypedRef" name="test_str_returns_canonical_format" time="0.000" /><testcase classname="tests.test_typed_ref.TestTypedRef" name="test_ref_alias" time="0.000" /><testcase classname="tests.test_typed_ref.TestTypedRef" name="test_is_zero" time="0.000" /><testcase classname="tests.test_typed_ref.TestTypedRef" name="test_is_valid" time="0.000" /><testcase classname="tests.test_typed_ref.TestTypedRef" name="test_frozen" time="0.000" /><testcase classname="tests.test_typed_ref.TestHelperFunctions" name="test_new_typed_ref" time="0.000" /><testcase classname="tests.test_typed_ref.TestHelperFunctions" name="test_new_typed_ref_with_provider" time="0.000" /><testcase classname="tests.test_typed_ref.TestHelperFunctions" name="test_must_parse_typed_ref" time="0.000" /><testcase classname="tests.test_typed_ref.TestNormalization" name="test_three_segment_normalizes_to_local_provider" time="0.000" /><testcase classname="tests.test_typed_ref.TestNormalization" name="test_output_is_canonical" time="0.000" /><testcase classname="tests.test_workflow_plugin" name="test_resolve_ack_and_stale_cycle" time="0.034" /><testcase classname="tests.test_workflow_plugin" name="test_receipt_and_resolve_cache_stores_persist_payloads" time="0.006" /><testcase classname="tests.test_workflow_plugin" name="test_resolve_docs_uses_signature_cache_and_refreshes_when_inputs_change" time="0.023" /><testcase classname="tests.test_workflow_plugin" name="test_selection_policy_can_override_core_docs" time="0.008" /><testcase classname="tests.test_workflow_plugin" name="test_linked_markdown_paths_resolves_markdown_links_with_fragments" time="0.005" /></testsuite></testsuites>