<?xml version="1.0" encoding="utf-8"?><testsuites name="pytest tests"><testsuite name="pytest" errors="0" failures="0" skipped="1" tests="35" time="79.614" timestamp="2026-07-11T18:11:09.708552+09:00" hostname="DESKTOP-HCPVLHM"><testcase classname="tests.test_cli_schema_contract" name="test_docs_cli_json_outputs_match_schema" time="25.740" /><testcase classname="tests.test_cli_schema_contract" name="test_docs_http_outputs_match_openapi_schema" time="50.328" /><testcase classname="tests.test_typed_ref.TestParseTypedRef" name="test_parse_three_segment_memx_evidence" time="0.001" /><testcase classname="tests.test_typed_ref.TestParseTypedRef" name="test_parse_three_segment_memx_knowledge" time="0.001" /><testcase classname="tests.test_typed_ref.TestParseTypedRef" name="test_parse_four_segment_canonical" time="0.001" /><testcase classname="tests.test_typed_ref.TestParseTypedRef" name="test_parse_four_segment_with_jira_provider" time="0.001" /><testcase classname="tests.test_typed_ref.TestParseTypedRef" name="test_parse_empty_string_raises_error" time="0.001" /><testcase classname="tests.test_typed_ref.TestParseTypedRef" name="test_parse_invalid_segment_count_raises_error" time="0.001" /><testcase classname="tests.test_typed_ref.TestParseTypedRef" name="test_parse_invalid_domain_raises_error" time="0.001" /><testcase classname="tests.test_typed_ref.TestParseTypedRef" name="test_parse_extensible_entity_type_for_memx" time="0.001" /><testcase classname="tests.test_typed_ref.TestParseTypedRef" name="test_parse_empty_id_raises_error" time="0.001" /><testcase classname="tests.test_typed_ref.TestParseTypedRef" name="test_parse_empty_provider_raises_error" time="0.001" /><testcase classname="tests.test_typed_ref.TestTypedRef" name="test_str_returns_canonical_format" time="0.001" /><testcase classname="tests.test_typed_ref.TestTypedRef" name="test_ref_alias" time="0.001" /><testcase classname="tests.test_typed_ref.TestTypedRef" name="test_is_zero" time="0.001" /><testcase classname="tests.test_typed_ref.TestTypedRef" name="test_is_valid" time="0.001" /><testcase classname="tests.test_typed_ref.TestTypedRef" name="test_frozen" time="0.001" /><testcase classname="tests.test_typed_ref.TestHelperFunctions" name="test_new_typed_ref" time="0.001" /><testcase classname="tests.test_typed_ref.TestHelperFunctions" name="test_new_typed_ref_with_provider" time="0.001" /><testcase classname="tests.test_typed_ref.TestHelperFunctions" name="test_must_parse_typed_ref" time="0.001" /><testcase classname="tests.test_typed_ref.TestNormalization" name="test_three_segment_normalizes_to_local_provider" time="0.001" /><testcase classname="tests.test_typed_ref.TestNormalization" name="test_output_is_canonical" time="0.001" /><testcase classname="tests.test_workflow_plugin" name="test_resolve_ack_and_stale_cycle" time="0.192" /><testcase classname="tests.test_workflow_plugin" name="test_receipt_and_resolve_cache_stores_persist_payloads" time="0.062" /><testcase classname="tests.test_workflow_plugin" name="test_resolve_docs_uses_signature_cache_and_refreshes_when_inputs_change" time="0.096" /><testcase classname="tests.test_workflow_plugin" name="test_selection_policy_can_override_core_docs" time="0.050" /><testcase classname="tests.test_workflow_plugin" name="test_linked_markdown_paths_resolves_markdown_links_with_fragments" time="0.017" /><testcase classname="tests.test_workflow_plugin" name="test_ack_docs_rejects_paths_outside_repository[../outside.md]" time="0.030" /><testcase classname="tests.test_workflow_plugin" name="test_ack_docs_rejects_paths_outside_repository[C:/outside.md]" time="0.011" /><testcase classname="tests.test_workflow_plugin" name="test_ack_docs_rejects_symlink_escape" time="0.011"><skipped type="pytest.skip" message="symlinks are unavailable: [WinError 1314] クライアントは要求された特権を保有していません。: 'C:\\Users\\ryo-n\\AppData\\Local\\Temp\\pytest-of-ryo-n\\pytest-3192\\test_ack_docs_rejects_symlink_0\\outside.md' -&gt; 'C:\\Users\\ryo-n\\AppData\\Local\\Temp\\pytest-of-ryo-n\\pytest-3192\\test_ack_docs_rejects_symlink_0\\repo\\escape.md'">C:\tmp\memx-resolver-v110-gate\tests\test_workflow_plugin.py:183: symlinks are unavailable: [WinError 1314] クライアントは要求された特権を保有していません。: 'C:\\Users\\ryo-n\\AppData\\Local\\Temp\\pytest-of-ryo-n\\pytest-3192\\test_ack_docs_rejects_symlink_0\\outside.md' -&gt; 'C:\\Users\\ryo-n\\AppData\\Local\\Temp\\pytest-of-ryo-n\\pytest-3192\\test_ack_docs_rejects_symlink_0\\repo\\escape.md'</skipped></testcase><testcase classname="tests.test_workflow_plugin" name="test_stale_check_reports_tampered_external_receipt" time="0.045" /><testcase classname="tests.test_workflow_plugin" name="test_resolve_docs_warns_for_external_markdown_link" time="0.044" /><testcase classname="tests.test_workflow_plugin" name="test_receipt_store_upsert_is_concurrency_safe" time="1.211" /><testcase classname="tests.test_workflow_plugin" name="test_json_store_rejects_corrupt_payload" time="0.030" /><testcase classname="tests.test_workflow_plugin" name="test_json_store_lock_timeout_is_explicit" time="0.112" /></testsuite></testsuites>