SF:memx_resolver_workflow_plugin\__init__.py
DA:1,1
DA:2,1
DA:4,1
LF:3
LH:3
end_of_record
SF:memx_resolver_workflow_plugin\_version.py
DA:3,0
DA:5,0
DA:14,0
DA:15,0
DA:16,0
DA:17,0
DA:18,0
DA:19,0
DA:21,0
DA:22,0
DA:24,0
LF:11
LH:0
end_of_record
SF:memx_resolver_workflow_plugin\markdown.py
DA:1,1
DA:3,1
DA:4,1
DA:5,1
DA:7,1
DA:8,1
DA:9,1
DA:12,1
DA:13,1
DA:14,1
DA:15,1
DA:16,1
DA:17,1
DA:18,1
DA:19,1
DA:20,0
DA:21,1
DA:22,1
DA:23,1
DA:26,1
DA:27,1
DA:28,1
DA:31,1
DA:32,1
DA:33,1
DA:34,1
DA:35,1
DA:36,1
DA:37,0
DA:38,1
DA:39,1
DA:40,0
DA:41,1
DA:42,1
DA:43,1
DA:44,1
DA:47,1
DA:48,1
DA:49,1
LF:39
LH:36
FN:12,23,parse_front_matter
FNDA:1,parse_front_matter
FN:26,28,title_from_text
FNDA:1,title_from_text
FN:31,44,linked_markdown_paths
FNDA:1,linked_markdown_paths
FN:47,49,read_markdown
FNDA:1,read_markdown
FNF:4
FNH:4
end_of_record
SF:memx_resolver_workflow_plugin\paths.py
DA:1,1
DA:3,1
DA:4,1
DA:5,1
DA:8,1
DA:12,1
DA:13,1
DA:16,1
DA:17,1
DA:18,1
DA:19,0
DA:20,1
DA:23,1
DA:24,1
DA:25,1
DA:26,1
DA:27,1
DA:28,1
DA:29,0
DA:30,0
DA:33,1
DA:40,1
DA:41,1
DA:42,1
DA:43,1
DA:44,1
DA:45,1
DA:46,1
DA:47,1
DA:48,1
DA:49,0
DA:50,1
DA:51,0
DA:52,1
LF:34
LH:29
FN:12,13,repository_root
FNDA:1,repository_root
FN:16,20,_comparison_path
FNDA:1,_comparison_path
FN:23,30,is_within_repository
FNDA:1,is_within_repository
FN:33,52,resolve_repository_path
FNDA:1,resolve_repository_path
FNF:4
FNH:4
end_of_record
SF:memx_resolver_workflow_plugin\plugin.py
DA:1,1
DA:3,1
DA:4,1
DA:5,1
DA:6,1
DA:7,1
DA:8,1
DA:9,1
DA:10,1
DA:13,1
DA:14,1
DA:15,1
DA:18,1
DA:19,1
DA:21,1
DA:31,1
DA:32,1
DA:33,1
DA:34,1
DA:36,1
DA:37,1
DA:38,1
DA:39,0
DA:46,1
DA:47,1
DA:48,1
DA:49,1
DA:50,1
DA:51,1
DA:52,0
DA:53,0
DA:54,0
DA:55,0
DA:57,1
DA:58,1
DA:66,1
DA:67,1
DA:72,1
DA:73,0
DA:80,1
DA:85,1
DA:90,1
DA:91,1
DA:92,1
DA:103,1
DA:105,1
DA:106,1
DA:107,1
DA:108,1
DA:109,1
DA:115,1
DA:124,1
DA:125,1
DA:126,1
DA:128,0
DA:129,0
DA:130,0
DA:138,0
DA:139,0
DA:140,1
DA:142,1
DA:143,1
DA:144,1
DA:145,1
DA:146,0
DA:147,1
DA:148,1
DA:149,1
DA:155,1
DA:156,1
DA:165,1
DA:166,1
DA:167,0
DA:176,0
DA:177,1
DA:178,1
DA:179,1
DA:188,1
DA:194,1
DA:195,1
DA:196,1
DA:197,1
DA:198,1
DA:199,0
DA:201,1
DA:202,1
DA:203,1
DA:204,1
DA:205,1
DA:206,1
DA:208,1
DA:211,1
DA:213,1
DA:223,1
DA:224,1
DA:225,1
DA:226,1
DA:227,1
DA:228,1
DA:229,1
DA:231,1
DA:232,1
DA:233,1
DA:234,1
DA:235,1
DA:236,1
DA:237,1
DA:238,1
DA:239,0
DA:240,1
DA:241,1
DA:242,1
DA:251,1
DA:253,1
DA:254,1
LF:115
LH:99
FN:13,15,_version_for_path
FNDA:1,_version_for_path
FN:21,34,MemxResolverWorkflowPlugin.__init__
FNDA:1,MemxResolverWorkflowPlugin.__init__
FN:36,103,MemxResolverWorkflowPlugin.resolve_docs
FNDA:1,MemxResolverWorkflowPlugin.resolve_docs
FN:105,140,MemxResolverWorkflowPlugin.ack_docs
FNDA:1,MemxResolverWorkflowPlugin.ack_docs
FN:142,192,MemxResolverWorkflowPlugin.stale_check
FNDA:1,MemxResolverWorkflowPlugin.stale_check
FN:194,199,MemxResolverWorkflowPlugin._find_task_path
FNDA:1,MemxResolverWorkflowPlugin._find_task_path
FN:201,211,MemxResolverWorkflowPlugin._linked_docs
FNDA:1,MemxResolverWorkflowPlugin._linked_docs
FN:213,229,MemxResolverWorkflowPlugin._build_resolve_signature
FNDA:1,MemxResolverWorkflowPlugin._build_resolve_signature
FN:231,251,MemxResolverWorkflowPlugin._render_entries
FNDA:1,MemxResolverWorkflowPlugin._render_entries
FN:253,254,create_plugin
FNDA:1,create_plugin
FNF:10
FNH:10
end_of_record
SF:memx_resolver_workflow_plugin\policy.py
DA:1,1
DA:3,1
DA:4,1
DA:7,1
DA:8,1
DA:9,1
DA:10,1
DA:11,1
DA:12,1
DA:13,1
DA:15,1
DA:16,1
DA:18,1
DA:19,1
DA:21,1
DA:22,0
LF:16
LH:15
FN:15,16,DocsSelectionPolicy.core_paths
FNDA:1,DocsSelectionPolicy.core_paths
FN:18,19,DocsSelectionPolicy.recommended_paths
FNDA:1,DocsSelectionPolicy.recommended_paths
FN:21,22,DocsSelectionPolicy.acceptance_paths
FNDA:0,DocsSelectionPolicy.acceptance_paths
FNF:3
FNH:2
end_of_record
SF:memx_resolver_workflow_plugin\results.py
DA:1,1
DA:3,1
DA:4,1
DA:7,1
DA:8,1
DA:9,1
DA:10,1
DA:11,1
DA:12,1
DA:15,1
DA:16,1
DA:17,1
DA:20,1
DA:21,1
DA:22,1
DA:23,1
DA:24,1
DA:26,1
DA:33,1
DA:34,1
DA:35,0
DA:36,1
DA:37,1
DA:38,1
DA:40,1
DA:41,1
DA:42,1
LF:27
LH:26
FN:26,38,DocsStaleResult.__init__
FNDA:1,DocsStaleResult.__init__
FN:41,42,DocsStaleResult.stale
FNDA:1,DocsStaleResult.stale
FNF:2
FNH:2
end_of_record
SF:memx_resolver_workflow_plugin\store.py
DA:1,1
DA:3,1
DA:4,1
DA:5,1
DA:6,1
DA:7,1
DA:8,1
DA:9,1
DA:10,1
DA:12,1
DA:14,1
DA:16,1
DA:17,1
DA:21,1
DA:25,1
DA:29,1
DA:33,1
DA:34,1
DA:42,1
DA:43,1
DA:44,1
DA:45,1
DA:46,1
DA:47,1
DA:48,1
DA:49,1
DA:50,0
DA:53,1
DA:55,1
DA:56,1
DA:57,1
DA:58,1
DA:59,1
DA:60,1
DA:61,0
DA:62,0
DA:63,0
DA:64,0
DA:69,1
DA:70,1
DA:71,1
DA:72,1
DA:73,1
DA:82,1
DA:83,1
DA:84,1
DA:85,1
DA:86,1
DA:87,1
DA:89,1
DA:90,0
DA:93,1
DA:94,1
DA:95,1
DA:96,1
DA:97,1
DA:98,1
DA:99,1
DA:100,0
DA:101,1
DA:102,1
DA:103,1
DA:104,1
DA:105,1
DA:106,1
DA:107,1
DA:111,1
DA:114,1
DA:122,1
DA:130,1
DA:131,1
DA:137,1
DA:138,1
DA:140,1
DA:141,1
DA:142,1
DA:143,1
DA:145,1
DA:146,1
DA:147,1
DA:148,1
DA:150,1
DA:151,1
DA:152,1
DA:153,1
DA:154,1
DA:155,1
DA:163,1
DA:164,1
DA:165,1
DA:168,1
DA:169,1
DA:175,1
DA:176,1
DA:178,1
DA:179,1
DA:180,1
DA:181,1
DA:182,1
DA:183,1
DA:184,1
DA:185,1
DA:186,1
DA:188,1
DA:189,1
DA:190,1
DA:191,1
DA:192,1
DA:193,1
LF:109
LH:102
FN:33,39,_target
FNDA:1,_target
FN:42,53,_read_json
FNDA:1,_read_json
FN:55,64,_replace_with_retry
FNDA:1,_replace_with_retry
FN:69,90,_atomic_write_json
FNDA:1,_atomic_write_json
FN:94,111,_lock
FNDA:1,_lock
FN:131,138,JsonReceiptStore.__init__
FNDA:1,JsonReceiptStore.__init__
FN:140,143,JsonReceiptStore.load
FNDA:1,JsonReceiptStore.load
FN:145,148,JsonReceiptStore.save
FNDA:1,JsonReceiptStore.save
FN:150,165,JsonReceiptStore.upsert
FNDA:1,JsonReceiptStore.upsert
FN:169,176,JsonResolveCacheStore.__init__
FNDA:1,JsonResolveCacheStore.__init__
FN:178,186,JsonResolveCacheStore.load
FNDA:1,JsonResolveCacheStore.load
FN:188,193,JsonResolveCacheStore.save
FNDA:1,JsonResolveCacheStore.save
FNF:12
FNH:12
end_of_record
SF:memx_resolver_workflow_plugin\typed_ref.py
DA:12,1
DA:14,1
DA:15,1
DA:16,1
DA:17,1
DA:20,1
DA:22,1
DA:23,1
DA:24,1
DA:27,1
DA:29,1
DA:30,1
DA:31,1
DA:32,1
DA:33,1
DA:34,1
DA:35,1
DA:36,1
DA:37,1
DA:40,1
DA:42,1
DA:43,1
DA:44,1
DA:45,1
DA:48,1
DA:50,1
DA:53,1
DA:54,1
DA:55,1
DA:56,1
DA:59,1
DA:60,1
DA:65,1
DA:66,1
DA:67,1
DA:68,1
DA:70,1
DA:72,1
DA:73,1
DA:74,1
DA:75,1
DA:77,1
DA:78,1
DA:79,1
DA:81,1
DA:82,1
DA:83,0
DA:85,1
DA:87,1
DA:89,1
DA:91,1
DA:93,1
DA:95,1
DA:97,1
DA:99,1
DA:100,1
DA:101,1
DA:102,1
DA:103,1
DA:104,1
DA:105,1
DA:106,1
DA:107,1
DA:110,1
DA:112,1
DA:115,1
DA:132,1
DA:133,1
DA:134,1
DA:136,1
DA:138,1
DA:139,1
DA:144,1
DA:146,1
DA:147,1
DA:149,1
DA:154,1
DA:156,1
DA:157,1
DA:158,1
DA:159,1
DA:160,1
DA:161,1
DA:162,1
DA:170,1
DA:172,1
DA:173,1
DA:174,1
DA:175,1
DA:176,1
DA:177,1
DA:178,1
DA:179,1
DA:180,1
DA:188,1
DA:189,1
DA:190,1
DA:195,1
DA:197,1
DA:198,0
DA:201,1
DA:202,1
DA:203,1
DA:206,1
DA:207,1
DA:208,1
DA:211,1
DA:212,1
DA:213,1
DA:214,1
DA:215,1
DA:218,1
DA:219,1
DA:220,1
DA:221,1
DA:222,1
DA:225,1
DA:227,1
DA:235,1
DA:242,1
DA:250,1
DA:255,1
LF:122
LH:120
FN:53,56,_component_value
FNDA:1,_component_value
FN:70,75,TypedRef.__str__
FNDA:1,TypedRef.__str__
FN:78,79,TypedRef.entity_type
FNDA:1,TypedRef.entity_type
FN:82,83,TypedRef.entity_id
FNDA:0,TypedRef.entity_id
FN:85,87,TypedRef.ref
FNDA:1,TypedRef.ref
FN:89,91,TypedRef.canonical
FNDA:1,TypedRef.canonical
FN:93,95,TypedRef.is_zero
FNDA:1,TypedRef.is_zero
FN:97,107,TypedRef.is_valid
FNDA:1,TypedRef.is_valid
FN:115,151,parse_typed_ref
FNDA:1,parse_typed_ref
FN:154,167,_parse_three_segment
FNDA:1,_parse_three_segment
FN:170,185,_parse_four_segment
FNDA:1,_parse_four_segment
FN:188,192,_validate_domain
FNDA:1,_validate_domain
FN:195,198,_validate_entity_type
FNDA:1,_validate_entity_type
FN:201,203,_validate_provider
FNDA:1,_validate_provider
FN:206,208,_validate_id
FNDA:1,_validate_id
FN:211,215,_known_entity_type_or_string
FNDA:1,_known_entity_type_or_string
FN:218,222,_known_provider_or_string
FNDA:1,_known_provider_or_string
FN:225,232,new_typed_ref
FNDA:1,new_typed_ref
FN:235,247,new_typed_ref_with_provider
FNDA:1,new_typed_ref_with_provider
FN:250,255,must_parse_typed_ref
FNDA:1,must_parse_typed_ref
FNF:20
FNH:19
end_of_record
